<?xml version="1.0" encoding="UTF-8"?>
<!-- Generated by org.testng.reporters.JUnitXMLReporter -->
<testsuite ignored="0" hostname="WFLGNVCON41" failures="0" tests="3" name="Automation Test Report" time="48.439" errors="0" timestamp="04 Sep 2019 03:56:44 GMT">
  <testcase classname="cucumber.api.testng.AbstractTestNGCucumberTests" name="feature" time="22.811"/>
  <testcase classname="cucumber.api.testng.AbstractTestNGCucumberTests" name="feature" time="17.369"/>
  <testcase classname="rest.createaincident" name="setup" time="7.046"/>
</testsuite> <!-- Automation Test Report -->
