<?xml version="1.0" encoding="UTF-8"?>
<!-- Generated by org.testng.reporters.JUnitXMLReporter -->
<testsuite ignored="0" hostname="WFLGNVCON49" failures="0" tests="3" name="Automation Test Report_FF" time="39.427" errors="0" timestamp="04 Sep 2019 10:33:20 GMT">
  <testcase classname="cucumber.api.testng.AbstractTestNGCucumberTests" name="feature" time="19.437"/>
  <testcase classname="cucumber.api.testng.AbstractTestNGCucumberTests" name="feature" time="15.774"/>
  <testcase classname="rest.createaincident" name="setup" time="3.326"/>
</testsuite> <!-- Automation Test Report_FF -->
