<?xml version="1.0" encoding="UTF-8"?>
<!-- Generated by org.testng.reporters.JUnitXMLReporter -->
<testsuite ignored="0" hostname="WFLGNVCON49" failures="0" tests="3" name="Automation Test Report second" time="39.766" errors="0" timestamp="05 Sep 2019 12:08:02 GMT">
  <testcase classname="TestGrid.Node2" name="setUp" time="6.576"/>
  <testcase classname="cucumber.api.testng.AbstractTestNGCucumberTests" name="feature" time="26.478"/>
  <testcase classname="rest.createaincident" name="setup" time="5.897"/>
</testsuite> <!-- Automation Test Report second -->
