<?xml version="1.0" encoding="UTF-8"?>
<testsuite xmlns:xsi="http://www.w3.org/2001/XMLSchema-instance" xsi:noNamespaceSchemaLocation="https://maven.apache.org/surefire/maven-surefire-plugin/xsd/surefire-test-report.xsd" name="TestSuite" time="28.64" tests="2" errors="0" skipped="0" failures="2">
  <properties>
[...]
</properties>
  <testcase name="feature" classname="runner.LaunchURLRunner" time="14.168">
    <failure message="java.lang.AssertionError: expected [Tower Hill Insurance Group - Login] but found [WELCOME TO TOWER HILL&apos;S AGENT PORTAL]" type="cucumber.runtime.CucumberException">cucumber.runtime.CucumberException: java.lang.AssertionError: expected [Tower Hill Insurance Group - Login] but found [WELCOME TO TOWER HILL'S AGENT PORTAL]
Caused by: java.lang.AssertionError: expected [Tower Hill Insurance Group - Login] but found [WELCOME TO TOWER HILL'S AGENT PORTAL]
</failure>
    <system-out><![CDATA[Feature: loginpixeel1

  @Run
  Scenario: loginpixeel validation with Correct UserName and password &amp#27;[90m# Sample.feature:4&amp#27;[0m
    &amp#27;[32mGiven &amp#27;[0m&amp#27;[32mOpen FireFox Browser with URL&amp#27;[0m                               &amp#27;[90m# AgentLogin.Open_FireFox_Browser_with_URL()&amp#27;[0m
    &amp#27;[32mWhen &amp#27;[0m&amp#27;[32mUser Enters Correct username and paasword&amp#27;[0m                    &amp#27;[90m# AgentLogin.User_Enters_Correct_username_and_paasword()&amp#27;[0m
    &amp#27;[31mThen &amp#27;[0m&amp#27;[31mAgent Portal is displayed&amp#27;[0m                                    &amp#27;[90m# AgentLogin.Agent_Portal_is_displayed()&amp#27;[0m
      &amp#27;[31mjava.lang.AssertionError: expected [Tower Hill Insurance Group - Login] but found [WELCOME TO TOWER HILL'S AGENT PORTAL]
      	at org.testng.Assert.fail(Assert.java:96)
      	at org.testng.Assert.failNotEquals(Assert.java:776)
      	at org.testng.Assert.assertEqualsImpl(Assert.java:137)
      	at org.testng.Assert.assertEquals(Assert.java:118)
      	at org.testng.Assert.assertEquals(Assert.java:453)
      	at org.testng.Assert.assertEquals(Assert.java:463)
      	at stepDef.AgentLogin.Agent_Portal_is_displayed(AgentLogin.java:61)
      	at ?.Then Agent Portal is displayed(Sample.feature:7)
      &amp#27;[0m
]]></system-out>
    <system-err><![CDATA[1567562214008	mozrunner::runner	INFO	Running command: "C:\\Program Files\\Mozilla Firefox\\firefox.exe" "-marionette" "-foreground" "-no-remote" "-profile" "C:\\Users\\skaja\\AppData\\Local\\Temp\\rust_mozprofile.R80ouu4d4qx1"
1567562215368	addons.webextension.screenshots@mozilla.org	WARN	Loading extension 'screenshots@mozilla.org': Reading manifest: Invalid extension permission: mozillaAddons
1567562215369	addons.webextension.screenshots@mozilla.org	WARN	Loading extension 'screenshots@mozilla.org': Reading manifest: Invalid extension permission: telemetry
1567562215370	addons.webextension.screenshots@mozilla.org	WARN	Loading extension 'screenshots@mozilla.org': Reading manifest: Invalid extension permission: resource://pdf.js/
1567562215370	addons.webextension.screenshots@mozilla.org	WARN	Loading extension 'screenshots@mozilla.org': Reading manifest: Invalid extension permission: about:reader*
JavaScript error: resource:///modules/sessionstore/SessionStore.jsm, line 1215: uncaught exception: 2147746065
1567562218678	Marionette	INFO	Listening on port 63743
1567562219176	Marionette	WARN	TLS certificate errors will be ignored for this session
Sep 04, 2019 7:26:59 AM org.openqa.selenium.remote.ProtocolHandshake createSession
INFO: Detected dialect: W3C
]]></system-err>
  </testcase>
  <testcase name="feature" classname="runner.LaunchURLRunner" time="12.097">
    <failure message="java.lang.AssertionError: expected [Tower Hill Insurance Group - Login] but found [WELCOME TO TOWER HILL&apos;S AGENT PORTAL]" type="cucumber.runtime.CucumberException">cucumber.runtime.CucumberException: java.lang.AssertionError: expected [Tower Hill Insurance Group - Login] but found [WELCOME TO TOWER HILL'S AGENT PORTAL]
Caused by: java.lang.AssertionError: expected [Tower Hill Insurance Group - Login] but found [WELCOME TO TOWER HILL'S AGENT PORTAL]
</failure>
    <system-out><![CDATA[Feature: loginpixeel

  @Run
  Scenario: loginpixeel validation with Correct UserName and password &amp#27;[90m# loginpixeel.feature:4&amp#27;[0m
    &amp#27;[32mGiven &amp#27;[0m&amp#27;[32mOpen FireFox Browser with URL&amp#27;[0m                               &amp#27;[90m# AgentLogin.Open_FireFox_Browser_with_URL()&amp#27;[0m
    &amp#27;[32mWhen &amp#27;[0m&amp#27;[32mUser Enters Correct username and paasword&amp#27;[0m                    &amp#27;[90m# AgentLogin.User_Enters_Correct_username_and_paasword()&amp#27;[0m
    &amp#27;[31mThen &amp#27;[0m&amp#27;[31mAgent Portal is displayed&amp#27;[0m                                    &amp#27;[90m# AgentLogin.Agent_Portal_is_displayed()&amp#27;[0m
      &amp#27;[31mjava.lang.AssertionError: expected [Tower Hill Insurance Group - Login] but found [WELCOME TO TOWER HILL'S AGENT PORTAL]
      	at org.testng.Assert.fail(Assert.java:96)
      	at org.testng.Assert.failNotEquals(Assert.java:776)
      	at org.testng.Assert.assertEqualsImpl(Assert.java:137)
      	at org.testng.Assert.assertEquals(Assert.java:118)
      	at org.testng.Assert.assertEquals(Assert.java:453)
      	at org.testng.Assert.assertEquals(Assert.java:463)
      	at stepDef.AgentLogin.Agent_Portal_is_displayed(AgentLogin.java:61)
      	at ?.Then Agent Portal is displayed(loginpixeel.feature:7)
      &amp#27;[0m
]]></system-out>
    <system-err><![CDATA[1567562226248	mozrunner::runner	INFO	Running command: "C:\\Program Files\\Mozilla Firefox\\firefox.exe" "-marionette" "-foreground" "-no-remote" "-profile" "C:\\Users\\skaja\\AppData\\Local\\Temp\\rust_mozprofile.S4Gh6JrjbMYa"
1567562227152	addons.webextension.screenshots@mozilla.org	WARN	Loading extension 'screenshots@mozilla.org': Reading manifest: Invalid extension permission: mozillaAddons
1567562227152	addons.webextension.screenshots@mozilla.org	WARN	Loading extension 'screenshots@mozilla.org': Reading manifest: Invalid extension permission: telemetry
1567562227153	addons.webextension.screenshots@mozilla.org	WARN	Loading extension 'screenshots@mozilla.org': Reading manifest: Invalid extension permission: resource://pdf.js/
1567562227153	addons.webextension.screenshots@mozilla.org	WARN	Loading extension 'screenshots@mozilla.org': Reading manifest: Invalid extension permission: about:reader*
JavaScript error: resource:///modules/sessionstore/SessionStore.jsm, line 1215: uncaught exception: 2147746065
1567562230725	Marionette	INFO	Listening on port 63794
1567562230767	Marionette	WARN	TLS certificate errors will be ignored for this session
Sep 04, 2019 7:27:11 AM org.openqa.selenium.remote.ProtocolHandshake createSession
INFO: Detected dialect: W3C
]]></system-err>
  </testcase>
</testsuite>