<?xml version="1.0" encoding="UTF-8"?>
<testng-results ignored="0" total="0" passed="0" failed="0" skipped="0">
  <reporter-output>
  </reporter-output>
  <suite started-at="2019-09-03T10:43:48Z" name="com.training.seleniumMaven.AppTest" finished-at="2019-09-03T10:43:48Z" duration-ms="10">
    <groups>
    </groups>
    <test started-at="2019-09-03T10:43:48Z" name="Command line test" finished-at="2019-09-03T10:43:48Z" duration-ms="10">
    </test> <!-- Command line test -->
  </suite> <!-- com.training.seleniumMaven.AppTest -->
</testng-results>
