<?xml version="1.0" encoding="UTF-8"?>
<testng-results ignored="0" total="1" passed="1" failed="0" skipped="0">
  <reporter-output>
  </reporter-output>
  <suite started-at="2019-09-10T09:51:26Z" name="Regression" finished-at="2019-09-10T09:51:46Z" duration-ms="20552">
    <groups>
      <group name="cucumber">
        <method signature="AbstractTestNGCucumberTests.feature(cucumber.api.testng.CucumberFeatureWrapper)[pri:0, instance:runner.LaunchURLRunner@12e61fe6]" name="feature" class="cucumber.api.testng.AbstractTestNGCucumberTests"/>
      </group> <!-- cucumber -->
    </groups>
    <test started-at="2019-09-10T09:51:26Z" name="Automation Test Report" finished-at="2019-09-10T09:51:46Z" duration-ms="20552">
      <class name="runner.LaunchURLRunner">
        <test-method is-config="true" signature="setUpClass()[pri:0, instance:runner.LaunchURLRunner@12e61fe6]" started-at="2019-09-10T09:51:26Z" name="setUpClass" finished-at="2019-09-10T09:51:27Z" duration-ms="652" status="PASS">
          <reporter-output>
          </reporter-output>
        </test-method> <!-- setUpClass -->
        <test-method signature="feature(cucumber.api.testng.CucumberFeatureWrapper)[pri:0, instance:runner.LaunchURLRunner@12e61fe6]" started-at="2019-09-10T09:51:27Z" name="feature" description="Runs Cucumber Feature" data-provider="features" finished-at="2019-09-10T09:51:46Z" duration-ms="19745" status="PASS">
          <params>
            <param index="0">
              <value>
                <![CDATA[loginpixeel]]>
              </value>
            </param>
          </params>
          <reporter-output>
          </reporter-output>
        </test-method> <!-- feature -->
        <test-method is-config="true" signature="tearDownClass()[pri:0, instance:runner.LaunchURLRunner@12e61fe6]" started-at="2019-09-10T09:51:46Z" name="tearDownClass" finished-at="2019-09-10T09:51:46Z" duration-ms="6" status="PASS">
          <reporter-output>
          </reporter-output>
        </test-method> <!-- tearDownClass -->
      </class> <!-- runner.LaunchURLRunner -->
    </test> <!-- Automation Test Report -->
  </suite> <!-- Regression -->
</testng-results>
