<?xml version="1.0" encoding="UTF-8"?>
<testng-results ignored="0" total="2" passed="2" failed="0" skipped="0">
  <reporter-output>
  </reporter-output>
  <suite started-at="2019-09-06T14:06:29Z" name="Regression" finished-at="2019-09-06T14:06:56Z" duration-ms="26549">
    <groups>
      <group name="cucumber">
        <method signature="AbstractTestNGCucumberTests.feature(cucumber.api.testng.CucumberFeatureWrapper)[pri:0, instance:runner.LaunchURLRunner@1677d1]" name="feature" class="cucumber.api.testng.AbstractTestNGCucumberTests"/>
      </group> <!-- cucumber -->
    </groups>
    <test started-at="2019-09-06T14:06:29Z" name="Automation Test Report" finished-at="2019-09-06T14:06:56Z" duration-ms="26549">
      <class name="runner.LaunchURLRunner">
        <test-method is-config="true" signature="setUpClass()[pri:0, instance:runner.LaunchURLRunner@1677d1]" started-at="2019-09-06T14:06:29Z" name="setUpClass" finished-at="2019-09-06T14:06:30Z" duration-ms="546" status="PASS">
          <reporter-output>
          </reporter-output>
        </test-method> <!-- setUpClass -->
        <test-method signature="feature(cucumber.api.testng.CucumberFeatureWrapper)[pri:0, instance:runner.LaunchURLRunner@1677d1]" started-at="2019-09-06T14:06:30Z" name="feature" description="Runs Cucumber Feature" data-provider="features" finished-at="2019-09-06T14:06:52Z" duration-ms="22095" status="PASS">
          <params>
            <param index="0">
              <value>
                <![CDATA[loginpixeel]]>
              </value>
            </param>
          </params>
          <reporter-output>
          </reporter-output>
        </test-method> <!-- feature -->
        <test-method is-config="true" signature="tearDownClass()[pri:0, instance:runner.LaunchURLRunner@1677d1]" started-at="2019-09-06T14:06:52Z" name="tearDownClass" finished-at="2019-09-06T14:06:52Z" duration-ms="4" status="PASS">
          <reporter-output>
          </reporter-output>
        </test-method> <!-- tearDownClass -->
      </class> <!-- runner.LaunchURLRunner -->
      <class name="rest.createaincident">
        <test-method signature="setup()[pri:0, instance:rest.createaincident@48fa0f47]" started-at="2019-09-06T14:06:52Z" name="setup" finished-at="2019-09-06T14:06:56Z" duration-ms="3743" status="PASS">
          <reporter-output>
          </reporter-output>
        </test-method> <!-- setup -->
      </class> <!-- rest.createaincident -->
    </test> <!-- Automation Test Report -->
  </suite> <!-- Regression -->
</testng-results>
